<?xml version="1.0" encoding="UTF-8"?>
<!-- Generated by org.testng.reporters.JUnitReportReporter -->
<testsuite hostname="MTLP-1003" failures="0" tests="1" name="extentreport.extentdemo.Demo1" time="9.223" errors="0" timestamp="2024-03-25T14:27:11 IST" skipped="0">
  <testcase classname="extentreport.extentdemo.Demo1" name="initialDemo" time="9.223"/>
</testsuite> <!-- extentreport.extentdemo.Demo1 -->
